<?xml version="1.0" encoding="UTF-8"?>
<!-- Generated by org.testng.reporters.JUnitReportReporter -->
<testsuite skipped="0" hostname="DESKTOP-PJ5JRQT" name="com.datadriver.test.TestDemoSite" tests="1" failures="0" timestamp="14 Jul 2022 04:16:45 GMT" time="31.501" errors="0">
  <testcase name="testsite" time="31.501" classname="com.datadriver.test.TestDemoSite"/>
</testsuite> <!-- com.datadriver.test.TestDemoSite -->
